0 info it worked if it ends with ok
1 verbose cli [ 'C:\\Program Files\\nodejs\\node.exe',
1 verbose cli   'C:\\Users\\Remarkable\\AppData\\Roaming\\npm\\node_modules\\npm\\bin\\npm-cli.js',
1 verbose cli   'run',
1 verbose cli   'commit' ]
2 info using npm@4.0.5
3 info using node@v6.9.2
4 verbose run-script [ 'precommit', 'commit', 'postcommit' ]
5 info lifecycle chakri-starwars-names@0.0.0-development~precommit: chakri-starwars-names@0.0.0-development
6 silly lifecycle chakri-starwars-names@0.0.0-development~precommit: no script for precommit, continuing
7 info lifecycle chakri-starwars-names@0.0.0-development~commit: chakri-starwars-names@0.0.0-development
8 verbose lifecycle chakri-starwars-names@0.0.0-development~commit: unsafe-perm in lifecycle true
9 verbose lifecycle chakri-starwars-names@0.0.0-development~commit: PATH: C:\Users\Remarkable\AppData\Roaming\npm\node_modules\npm\bin\node-gyp-bin;D:\GitHub\starwars-names\node_modules\.bin;C:\Program Files\ImageMagick-7.0.3-Q16;C:\ProgramData\Oracle\Java\javapath;C:\Program Files (x86)\Intel\iCLS Client\;C:\Program Files\Intel\iCLS Client\;C:\Windows\system32;C:\Windows;C:\Windows\System32\Wbem;C:\Windows\System32\WindowsPowerShell\v1.0\;C:\Program Files\Java\jdk1.7.0_79\bin\;C:\Users\Remarkable\AppData\Local\Android\sdk\tools\;C:\Program Files\Intel\Intel(R) Management Engine Components\DAL;C:\Program Files\Intel\Intel(R) Management Engine Components\IPT;C:\Program Files (x86)\Intel\Intel(R) Management Engine Components\DAL;C:\Program Files (x86)\Intel\Intel(R) Management Engine Components\IPT;C:\adb;C:\Program Files (x86)\GtkSharp\2.12\bin;C:\Windows\system32\config\systemprofile\.dnx\bin;C:\Program Files\Microsoft DNX\Dnvm\;C:\Program Files (x86)\Windows Kits\8.1\Windows Performance Toolkit\;C:\Ruby23-x64\bin;C:\Program Files (x86)\Microsoft SQL Server\100\Tools\Binn\;C:\Program Files\Microsoft SQL Server\100\Tools\Binn\;C:\Program Files\Microsoft SQL Server\100\DTS\Binn\;C:\Program Files (x86)\Microsoft SQL Server\100\Tools\Binn\VSShell\Common7\IDE\;C:\Program Files (x86)\Microsoft SQL Server\100\DTS\Binn\;C:\Program Files\nodejs\;C:\Program Files\Git\cmd;C:\HashiCorp\Vagrant\bin;C:\Program Files (x86)\Skype\Phone\;C:\Users\Remarkable\AppData\Local\atom\bin;C:\Program Files (x86)\Microsoft VS Code\bin;C:\Program Files\MongoDB\Server\3.4\bin;C:\Users\Remarkable\AppData\Roaming\npm;C:\Users\Remarkable\AppData\Local\.meteor\;C:\Program Files\Heroku\bin
10 verbose lifecycle chakri-starwars-names@0.0.0-development~commit: CWD: D:\GitHub\starwars-names
11 silly lifecycle chakri-starwars-names@0.0.0-development~commit: Args: [ '/d /s /c', 'git-cz' ]
12 silly lifecycle chakri-starwars-names@0.0.0-development~commit: Returned: code: 1  signal: null
13 info lifecycle chakri-starwars-names@0.0.0-development~commit: Failed to exec commit script
14 verbose stack Error: chakri-starwars-names@0.0.0-development commit: `git-cz`
14 verbose stack Exit status 1
14 verbose stack     at EventEmitter.<anonymous> (C:\Users\Remarkable\AppData\Roaming\npm\node_modules\npm\lib\utils\lifecycle.js:279:16)
14 verbose stack     at emitTwo (events.js:106:13)
14 verbose stack     at EventEmitter.emit (events.js:191:7)
14 verbose stack     at ChildProcess.<anonymous> (C:\Users\Remarkable\AppData\Roaming\npm\node_modules\npm\lib\utils\spawn.js:40:14)
14 verbose stack     at emitTwo (events.js:106:13)
14 verbose stack     at ChildProcess.emit (events.js:191:7)
14 verbose stack     at maybeClose (internal/child_process.js:877:16)
14 verbose stack     at Process.ChildProcess._handle.onexit (internal/child_process.js:226:5)
15 verbose pkgid chakri-starwars-names@0.0.0-development
16 verbose cwd D:\GitHub\starwars-names
17 error Windows_NT 6.1.7601
18 error argv "C:\\Program Files\\nodejs\\node.exe" "C:\\Users\\Remarkable\\AppData\\Roaming\\npm\\node_modules\\npm\\bin\\npm-cli.js" "run" "commit"
19 error node v6.9.2
20 error npm  v4.0.5
21 error code ELIFECYCLE
22 error chakri-starwars-names@0.0.0-development commit: `git-cz`
22 error Exit status 1
23 error Failed at the chakri-starwars-names@0.0.0-development commit script 'git-cz'.
23 error Make sure you have the latest version of node.js and npm installed.
23 error If you do, this is most likely a problem with the chakri-starwars-names package,
23 error not with npm itself.
23 error Tell the author that this fails on your system:
23 error     git-cz
23 error You can get information on how to open an issue for this project with:
23 error     npm bugs chakri-starwars-names
23 error Or if that isn't available, you can get their info via:
23 error     npm owner ls chakri-starwars-names
23 error There is likely additional logging output above.
24 verbose exit [ 1, true ]
